<?xml version="1.0" encoding="UTF-8"?>
<!-- Generated by org.testng.reporters.JUnitReportReporter -->
<testsuite hostname="DESKTOP-7VKRHC7" failures="0" tests="2" name="WebAutomation.tests.SuccessfulLoginTest" time="53.469" errors="0" timestamp="2023-06-15T12:46:50 IST" skipped="0">
  <testcase classname="WebAutomation.tests.SuccessfulLoginTest" name="userIsSuccessfullyLoggedInUsingValidCredentials" time="29.114"/>
  <system-out/>
  <testcase classname="WebAutomation.tests.SuccessfulLoginTest" name="userIsSuccessfullyLoggedInUsingValidCredentials" time="24.355"/>
  <system-out/>
</testsuite> <!-- WebAutomation.tests.SuccessfulLoginTest -->
