<?xml version="1.0" encoding="UTF-8"?>
<!-- Generated by org.testng.reporters.JUnitReportReporter -->
<testsuite hostname="DESKTOP-7VKRHC7" failures="0" tests="2" name="WebAutomation.tests.ProductShoppingTest" time="155.891" errors="0" timestamp="2023-06-21T16:49:46 IST" skipped="0">
  <testcase classname="WebAutomation.tests.ProductShoppingTest" name="noMapIsDisplayedWhenSearchedForInvalidMap" time="55.673"/>
  <system-out/>
  <testcase classname="WebAutomation.tests.ProductShoppingTest" name="noMapIsDisplayedWhenSearchedForInvalidMap" time="100.218"/>
  <system-out/>
</testsuite> <!-- WebAutomation.tests.ProductShoppingTest -->
