<?xml version="1.0" encoding="UTF-8"?>
<!-- Generated by org.testng.reporters.JUnitReportReporter -->
<testsuite hostname="DESKTOP-7VKRHC7" failures="0" tests="2" name="WebAutomation.tests.ProductShoppingTest" time="310.772" errors="0" timestamp="2023-06-19T15:51:28 IST" skipped="0">
  <testcase classname="WebAutomation.tests.ProductShoppingTest" name="productIsAddedToTheCart" time="131.042"/>
  <system-out/>
  <testcase classname="WebAutomation.tests.ProductShoppingTest" name="productIsAddedToTheCart" time="179.730"/>
  <system-out/>
</testsuite> <!-- WebAutomation.tests.ProductShoppingTest -->
