<?xml version="1.0" encoding="UTF-8"?>
<!-- Generated by org.testng.reporters.JUnitReportReporter -->
<testsuite hostname="DESKTOP-7VKRHC7" failures="0" tests="3" name="WebAutomation.tests.FailedLoginTest" time="108.207" errors="0" timestamp="2023-06-14T12:20:41 IST" skipped="0">
  <testcase classname="WebAutomation.tests.FailedLoginTest" name="returningCustomerSectionIsThere" time="37.695"/>
  <system-out/>
  <testcase classname="WebAutomation.tests.FailedLoginTest" name="failedLogin" time="42.790"/>
  <system-out/>
  <testcase classname="WebAutomation.tests.FailedLoginTest" name="failedLogin" time="27.722"/>
  <system-out/>
</testsuite> <!-- WebAutomation.tests.FailedLoginTest -->
