<?xml version="1.0" encoding="UTF-8"?>
<!-- Generated by org.testng.reporters.JUnitReportReporter -->
<testsuite hostname="DESKTOP-7VKRHC7" failures="0" tests="1" name="WebAutomation.tests.FooterValidationTest" time="20.984" errors="0" timestamp="2023-06-14T10:38:26 IST" skipped="0">
  <testcase classname="WebAutomation.tests.FooterValidationTest" name="verifySupportEmail" time="20.984"/>
  <system-out/>
</testsuite> <!-- WebAutomation.tests.FooterValidationTest -->
