<?xml version="1.0" encoding="UTF-8"?>
<!-- Generated by org.testng.reporters.JUnitReportReporter -->
<testsuite hostname="DESKTOP-7VKRHC7" failures="0" tests="2" name="WebAutomation.tests.FailedLoginTest" time="80.362" errors="0" timestamp="2023-06-14T10:30:50 IST" skipped="0">
  <testcase classname="WebAutomation.tests.FailedLoginTest" name="failedLogin" time="55.952"/>
  <system-out/>
  <testcase classname="WebAutomation.tests.FailedLoginTest" name="returningCustomerSectionIsThere" time="24.410"/>
  <system-out/>
</testsuite> <!-- WebAutomation.tests.FailedLoginTest -->
