<?xml version="1.0" encoding="UTF-8"?>
<!-- Generated by org.testng.reporters.JUnitReportReporter -->
<testsuite hostname="DESKTOP-7VKRHC7" failures="0" tests="2" name="cucumber.TestNGTestRunner" time="63.916" errors="0" timestamp="2023-07-06T11:17:27 IST" skipped="0">
  <testcase classname="cucumber.TestNGTestRunner" name="runScenario" time="19.271"/>
  <system-out/>
  <testcase classname="cucumber.TestNGTestRunner" name="runScenario" time="44.645"/>
  <system-out/>
</testsuite> <!-- cucumber.TestNGTestRunner -->
