<?xml version="1.0" encoding="UTF-8"?>
<!-- Generated by org.testng.reporters.JUnitReportReporter -->
<testsuite hostname="DESKTOP-7VKRHC7" failures="0" tests="2" name="WebAutomation.tests.FooterValidationTest" time="71.937" errors="0" timestamp="2023-06-14T12:20:41 IST" skipped="0">
  <testcase classname="WebAutomation.tests.FooterValidationTest" name="verifyAddress" time="36.303"/>
  <system-out/>
  <testcase classname="WebAutomation.tests.FooterValidationTest" name="verifySupportEmail" time="35.634"/>
  <system-out/>
</testsuite> <!-- WebAutomation.tests.FooterValidationTest -->
