<?xml version="1.0" encoding="UTF-8"?>
<!-- Generated by org.testng.reporters.JUnitReportReporter -->
<testsuite hostname="DESKTOP-7VKRHC7" failures="0" tests="2" name="WebAutomation.tests.FooterValidationTest" time="85.603" errors="0" timestamp="2023-06-15T10:35:17 IST" skipped="0">
  <testcase classname="WebAutomation.tests.FooterValidationTest" name="verifyAddress" time="61.380"/>
  <system-out/>
  <testcase classname="WebAutomation.tests.FooterValidationTest" name="verifySupportEmail" time="24.223"/>
  <system-out/>
</testsuite> <!-- WebAutomation.tests.FooterValidationTest -->
