<?xml version="1.0" encoding="UTF-8"?>
<!-- Generated by org.testng.reporters.JUnitReportReporter -->
<testsuite hostname="DESKTOP-7VKRHC7" failures="0" tests="4" name="cucumber.TestNGTestRunner" time="64.866" errors="0" timestamp="2023-07-06T12:09:54 IST" skipped="0">
  <testcase classname="cucumber.TestNGTestRunner" name="runScenario" time="18.666"/>
  <system-out/>
  <testcase classname="cucumber.TestNGTestRunner" name="runScenario" time="13.773"/>
  <system-out/>
  <testcase classname="cucumber.TestNGTestRunner" name="runScenario" time="17.113"/>
  <system-out/>
  <testcase classname="cucumber.TestNGTestRunner" name="runScenario" time="15.314"/>
  <system-out/>
</testsuite> <!-- cucumber.TestNGTestRunner -->
