<?xml version="1.0" encoding="UTF-8"?>
<!-- Generated by org.testng.reporters.JUnitReportReporter -->
<testsuite hostname="DESKTOP-7VKRHC7" failures="0" tests="4" name="WebAutomation.tests.SuccessfulLoginTest" time="119.985" errors="0" timestamp="2023-06-15T16:06:39 IST" skipped="0">
  <testcase classname="WebAutomation.tests.SuccessfulLoginTest" name="logoutIsWorking" time="27.043"/>
  <system-out/>
  <testcase classname="WebAutomation.tests.SuccessfulLoginTest" name="userIsSuccessfullyLoggedInUsingValidCredentials" time="23.585"/>
  <system-out/>
  <testcase classname="WebAutomation.tests.SuccessfulLoginTest" name="userIsSuccessfullyLoggedInUsingValidCredentials" time="28.330"/>
  <system-out/>
  <testcase classname="WebAutomation.tests.SuccessfulLoginTest" name="logoutIsWorking" time="41.027"/>
  <system-out/>
</testsuite> <!-- WebAutomation.tests.SuccessfulLoginTest -->
