<?xml version="1.0" encoding="UTF-8"?>
<!-- Generated by org.testng.reporters.JUnitReportReporter -->
<testsuite hostname="DESKTOP-7VKRHC7" failures="0" tests="1" name="WebAutomation.tests.FooterValidationTest" time="29.337" errors="0" timestamp="2023-06-15T12:03:49 IST" skipped="0">
  <testcase classname="WebAutomation.tests.FooterValidationTest" name="verifySupportEmail" time="29.337"/>
  <system-out/>
</testsuite> <!-- WebAutomation.tests.FooterValidationTest -->
