<?xml version="1.0" encoding="UTF-8"?>
<!-- Generated by org.testng.reporters.JUnitReportReporter -->
<testsuite hostname="DESKTOP-7VKRHC7" failures="0" tests="4" name="WebAutomation.tests.ProductShoppingTest" time="200.380" errors="0" timestamp="2023-06-21T16:58:05 IST" skipped="0">
  <testcase classname="WebAutomation.tests.ProductShoppingTest" name="productIsAddedToTheCart" time="49.930"/>
  <system-out/>
  <testcase classname="WebAutomation.tests.ProductShoppingTest" name="productIsAddedToTheCart" time="66.012"/>
  <system-out/>
  <testcase classname="WebAutomation.tests.ProductShoppingTest" name="noMapIsDisplayedWhenSearchedForInvalidMap" time="40.054"/>
  <system-out/>
  <testcase classname="WebAutomation.tests.ProductShoppingTest" name="noMapIsDisplayedWhenSearchedForInvalidMap" time="44.384"/>
  <system-out/>
</testsuite> <!-- WebAutomation.tests.ProductShoppingTest -->
